<?xml version="1.0" encoding="UTF-8"?>
<!-- Generated by org.testng.reporters.JUnitReportReporter -->
<testsuite hostname="DESKTOP-LNAFOEG" failures="0" tests="4" name="com.quafox.tests.TestNGDemo" time="0.027" errors="0" timestamp="2024-06-23T07:05:54 IST" skipped="0">
  <testcase classname="com.quafox.tests.TestNGDemo" name="T" time="0.018"/>
  <testcase classname="com.quafox.tests.TestNGDemo" name="F" time="0.005"/>
  <testcase classname="com.quafox.tests.TestNGDemo" name="B" time="0.002"/>
  <testcase classname="com.quafox.tests.TestNGDemo" name="A" time="0.002"/>
</testsuite> <!-- com.quafox.tests.TestNGDemo -->
