<?xml version="1.0" encoding="UTF-8"?>
<!-- Generated by org.testng.reporters.JUnitReportReporter -->
<testsuite hostname="DESKTOP-LNAFOEG" failures="0" tests="1" name="com.tests.Login" time="5.060" errors="0" timestamp="2024-03-19T23:45:30 IST" skipped="0">
  <testcase classname="com.tests.Login" name="verifyLoginWithValidCredentials" time="5.060"/>
</testsuite> <!-- com.tests.Login -->
