<?xml version="1.0" encoding="UTF-8"?>
<!-- Generated by org.testng.reporters.JUnitReportReporter -->
<testsuite hostname="DESKTOP-LNAFOEG" failures="0" tests="4" name="com.quafox.tests.LoginTest" time="47.163" errors="0" timestamp="2024-04-02T06:55:44 IST" skipped="0">
  <testcase classname="com.quafox.tests.LoginTest" name="verifyLoginWithValidCredentials" time="9.142"/>
  <testcase classname="com.quafox.tests.LoginTest" name="verifyLoginWithInvalidCredentials" time="22.051"/>
  <testcase classname="com.quafox.tests.LoginTest" name="verifyLoginWithInvalidUsername" time="7.800"/>
  <testcase classname="com.quafox.tests.LoginTest" name="verifyLoginWithInvalidPassword" time="8.170"/>
</testsuite> <!-- com.quafox.tests.LoginTest -->
